<?xml version="1.0" encoding="UTF-8"?>
<!-- Generated by org.testng.reporters.JUnitXMLReporter -->
<testsuite ignored="2" hostname="DESKTOP-E1C23SD" failures="0" tests="1" name="Default test" time="18.549" errors="0" timestamp="2025-12-23T14:57:10 IST">
  <testcase classname="com.comcast.crm.ContactTest.CreateContactTest" name="CreateContactTest" time="8.166"/>
  <testcase classname="com.comcast.crm.ContactTest.CreateContactTest" name="CreateContactWithSupportDate" time="0.0">
    <ignored/>
  </testcase> <!-- CreateContactWithSupportDate -->
  <testcase classname="com.comcast.crm.ContactTest.CreateContactTest" name="CreateContactWithOrgName" time="0.0">
    <ignored/>
  </testcase> <!-- CreateContactWithOrgName -->
</testsuite> <!-- Default test -->
