<?xml version="1.0" encoding="UTF-8"?>
<!-- Generated by org.testng.reporters.JUnitReportReporter -->
<testsuite hostname="DESKTOP-E1C23SD" failures="0" tests="2" name="practiceTest.InvoiceTest" time="9.183" errors="0" timestamp="2025-12-22T15:59:14 IST" skipped="0">
  <testcase classname="practiceTest.InvoiceTest" name="createInvoiceWithContactTest" time="4.403"/>
  <testcase classname="practiceTest.InvoiceTest" name="createInvoiceTest" time="4.780"/>
</testsuite> <!-- practiceTest.InvoiceTest -->
