<?xml version="1.0" encoding="UTF-8"?>
<testng-results ignored="2" total="3" passed="1" failed="0" skipped="0">
  <reporter-output>
  </reporter-output>
  <suite started-at="2025-12-23T14:56:51 IST" name="Default suite" finished-at="2025-12-23T14:57:10 IST" duration-ms="18549">
    <groups>
    </groups>
    <test started-at="2025-12-23T14:56:51 IST" name="Default test" finished-at="2025-12-23T14:57:10 IST" duration-ms="18549">
      <class name="com.comcast.crm.ContactTest.CreateContactTest">
        <test-method is-config="true" signature="beforesuit()[pri:0, instance:com.comcast.crm.ContactTest.CreateContactTest@37ceb1df]" started-at="2025-12-23T14:56:51 IST" name="beforesuit" finished-at="2025-12-23T14:56:51 IST" duration-ms="21" status="PASS">
          <reporter-output>
          </reporter-output>
        </test-method> <!-- beforesuit -->
        <test-method is-config="true" signature="beforeclass()[pri:0, instance:com.comcast.crm.ContactTest.CreateContactTest@37ceb1df]" started-at="2025-12-23T14:56:51 IST" name="beforeclass" finished-at="2025-12-23T14:56:55 IST" duration-ms="3732" status="PASS">
          <reporter-output>
          </reporter-output>
        </test-method> <!-- beforeclass -->
        <test-method is-config="true" signature="beforeMethod()[pri:0, instance:com.comcast.crm.ContactTest.CreateContactTest@37ceb1df]" started-at="2025-12-23T14:56:55 IST" name="beforeMethod" finished-at="2025-12-23T14:57:00 IST" duration-ms="4920" status="PASS">
          <reporter-output>
          </reporter-output>
        </test-method> <!-- beforeMethod -->
        <test-method signature="CreateContactTest()[pri:0, instance:com.comcast.crm.ContactTest.CreateContactTest@37ceb1df]" started-at="2025-12-23T14:57:00 IST" name="CreateContactTest" finished-at="2025-12-23T14:57:08 IST" duration-ms="8166" status="PASS">
          <reporter-output>
          </reporter-output>
        </test-method> <!-- CreateContactTest -->
        <test-method is-config="true" signature="afterMethod()[pri:0, instance:com.comcast.crm.ContactTest.CreateContactTest@37ceb1df]" started-at="2025-12-23T14:57:08 IST" name="afterMethod" finished-at="2025-12-23T14:57:10 IST" duration-ms="1305" status="PASS">
          <reporter-output>
          </reporter-output>
        </test-method> <!-- afterMethod -->
        <test-method is-config="true" signature="Afterclass()[pri:0, instance:com.comcast.crm.ContactTest.CreateContactTest@37ceb1df]" started-at="2025-12-23T14:57:10 IST" name="Afterclass" finished-at="2025-12-23T14:57:10 IST" duration-ms="329" status="PASS">
          <reporter-output>
          </reporter-output>
        </test-method> <!-- Afterclass -->
        <test-method is-config="true" signature="afterSuit()[pri:0, instance:com.comcast.crm.ContactTest.CreateContactTest@37ceb1df]" started-at="2025-12-23T14:57:10 IST" name="afterSuit" finished-at="2025-12-23T14:57:10 IST" duration-ms="2" status="PASS">
          <reporter-output>
          </reporter-output>
        </test-method> <!-- afterSuit -->
      </class> <!-- com.comcast.crm.ContactTest.CreateContactTest -->
    </test> <!-- Default test -->
  </suite> <!-- Default suite -->
</testng-results>
